irun: 11.10-s076: (c) Copyright 1995-2013 Cadence Design Systems, Inc.
TOOL:	irun	11.10-s076: Started on Nov 25, 2013 at 18:30:56 CET
irun
	-access +rwc
	-gui
	-f gearbox.f
		../common/clk_gen.v
		gearbox.v
		gearbox_tb.v
	-s
Recompiling... reason: file './gearbox_tb.v' is newer than expected.
	expected: Mon Nov 25 17:53:22 2013
	actual:   Mon Nov 25 18:30:40 2013
file: gearbox_tb.v
	module worklib.gearbox_tb:v
		errors: 0, warnings: 0
		Caching library 'worklib' ....... Done
	Elaborating the design hierarchy:
	Top level design units:
		gearbox_tb
	Building instance overlay tables: .................... Done
	Generating native compiled code:
		worklib.gearbox_tb:v <0x105e4c9d>
			streams:   5, words:  4800
	Loading native compiled code:     .................... Done
	Building instance specific data structures.
	Design hierarchy summary:
		              Instances  Unique
		Modules:              3       3
		Registers:           12      12
		Scalar wires:         6       -
		Vectored wires:      12       -
		Always blocks:        3       3
		Initial blocks:       2       2
		Cont. assignments:    4      11
		Pseudo assignments:   4       4
	Writing initial simulation snapshot: worklib.gearbox_tb:v
ncsim> 
ncsim> source /opt0/eda/cadence/INCISIV111/tools/inca/files/ncsimrc
ncsim> 
-------------------------------------
Relinquished control to SimVision...
# Restoring simulation environment...
ncsim> input -quiet .reinvoke.sim
ncsim> file delete .reinvoke.sim
ncsim> run
Simulation stopped via $stop(1) at time 920 NS + 2
ncsim> ^C
ncsim> exit
TOOL:	irun	11.10-s076: Exiting on Nov 25, 2013 at 18:32:29 CET  (total: 00:01:33)
