irun: 11.10-s076: (c) Copyright 1995-2013 Cadence Design Systems, Inc.
TOOL:	irun	11.10-s076: Started on Jan 14, 2014 at 12:07:13 CET
irun
	-access +rwc
	-gui
	-f regb_fifo.f
		../common/clk_gen.v
		regb_fifo.v
		regb_fifo_tb.v
		regb_fifo_unit.v
	-s
Recompiling... reason: file './regb_fifo_tb.v' is newer than expected.
	expected: Tue Jan 14 12:05:02 2014
	actual:   Tue Jan 14 12:07:02 2014
file: regb_fifo_tb.v
		full_fifo();
		          |
ncvlog: *W,TMTPAR (regb_fifo_tb.v,74|12): A task enable with no arguments must not include an empty set of parentheses [10.2.2 (IEEE Std 1364-2005)].  The compiler has ignored the parentheses.  Use 'nchelp ncvlog TMTPAR'  for further information.
		empty_fifo();
		           |
ncvlog: *W,TMTPAR (regb_fifo_tb.v,76|13): A task enable with no arguments must not include an empty set of parentheses [10.2.2 (IEEE Std 1364-2005)].  The compiler has ignored the parentheses.  Use 'nchelp ncvlog TMTPAR'  for further information.
        shift_fifo();
                   |
ncvlog: *W,TMTPAR (regb_fifo_tb.v,78|19): A task enable with no arguments must not include an empty set of parentheses [10.2.2 (IEEE Std 1364-2005)].  The compiler has ignored the parentheses.  Use 'nchelp ncvlog TMTPAR'  for further information.
	module worklib.regb_fifo_tb:v
		errors: 0, warnings: 3
		Caching library 'worklib' ....... Done
	Elaborating the design hierarchy:
	Top level design units:
		regb_fifo_tb
	Building instance overlay tables: .................... Done
	Generating native compiled code:
		worklib.regb_fifo_tb:v <0x595fefdf>
			streams:  14, words:  5363
	Loading native compiled code:     .................... Done
	Building instance specific data structures.
	Design hierarchy summary:
		              Instances  Unique
		Modules:              8       4
		Registers:           21       9
		Scalar wires:        36       -
		Vectored wires:      14       -
		Always blocks:       16       4
		Initial blocks:       2       2
		Cont. assignments:   29      11
		Pseudo assignments:   4       4
	Writing initial simulation snapshot: worklib.regb_fifo_tb:v
ncsim> 
ncsim> source /opt0/eda/cadence/INCISIV111/tools/inca/files/ncsimrc
ncsim> 
-------------------------------------
Relinquished control to SimVision...
# Restoring simulation environment...
ncsim> input -quiet .reinvoke.sim
ncsim> file delete .reinvoke.sim
ncsim> run
Simulation stopped via $stop(1) at time 230 NS + 0
ncsim> ^C
ncsim> exit
TOOL:	irun	11.10-s076: Exiting on Jan 14, 2014 at 12:08:17 CET  (total: 00:01:04)
