irun: 11.10-s076: (c) Copyright 1995-2013 Cadence Design Systems, Inc.
TOOL:	irun	11.10-s076: Started on Jan 14, 2014 at 11:20:19 CET
irun
	-access +rwc
	-gui
	-f Arbiter.f
		Arbiter.v
		Arbiter_tb.v
		../common/clk_gen.v
file: Arbiter.v
	module worklib.Arbiter:v
		errors: 0, warnings: 0
file: Arbiter_tb.v
	module worklib.Arbiter_tb:v
		errors: 0, warnings: 0
file: ../common/clk_gen.v
	module worklib.clk_gen:v
		errors: 0, warnings: 0
		Caching library 'worklib' ....... Done
	Elaborating the design hierarchy:
	Top level design units:
		Arbiter_tb
	Building instance overlay tables: .................... Done
	Generating native compiled code:
		worklib.Arbiter:v <0x3ca9f3cc>
			streams:   3, words:  2645
		worklib.Arbiter_tb:v <0x1a3df10a>
			streams:   9, words:  2813
		worklib.clk_gen:v <0x638cdc49>
			streams:   3, words:   523
	Loading native compiled code:     .................... Done
	Building instance specific data structures.
	Design hierarchy summary:
		             Instances  Unique
		Modules:             3       3
		Registers:           6       6
		Scalar wires:        8       -
		Always blocks:       2       2
		Initial blocks:      2       2
		Cont. assignments:   1       3
		Pseudo assignments:  4       4
	Writing initial simulation snapshot: worklib.Arbiter_tb:v

-------------------------------------
Relinquished control to SimVision...
ncsim> 
ncsim> source /opt0/eda/cadence/INCISIV111/tools/inca/files/ncsimrc
ncsim> database -open waves -into waves.shm -default
Created default SHM database waves
ncsim> probe -create -shm Arbiter_tb.clk Arbiter_tb.grant0 Arbiter_tb.grant1 Arbiter_tb.grant2 Arbiter_tb.req0 Arbiter_tb.req1 Arbiter_tb.req2 Arbiter_tb.res_n
Created probe 1
ncsim> run
Simulation stopped via $stop(1) at time 500 NS + 0
ncsim> ^C
ncsim> exit
TOOL:	irun	11.10-s076: Exiting on Jan 14, 2014 at 11:23:04 CET  (total: 00:02:45)
